<?xml version="1.0" encoding="UTF-8"?>
<!-- Generated by org.testng.reporters.JUnitXMLReporter -->
<testsuite ignored="0" hostname="5CG9378HNN" failures="1" tests="6" name="Test" time="80.326" errors="0" timestamp="2023-08-01T08:03:24 IST">
  <testcase classname="com.Obsqura.rmartSupermarket.testscript.ManageDeliveryBoyTest" name="verifyToAddDeliveryBoyInManageDeliveryBoyList" time="0.837">
    <skipped/>
  </testcase> <!-- verifyToAddDeliveryBoyInManageDeliveryBoyList -->
  <testcase classname="com.Obsqura.rmartSupermarket.testscript.ManageCategoryTest" name="verifyWhetherUserAbleToAddNewSubCategory" time="1.074">
    <skipped/>
  </testcase> <!-- verifyWhetherUserAbleToAddNewSubCategory -->
  <testcase classname="com.Obsqura.rmartSupermarket.testscript.ManageCategoryTest" name="verifyWhetherUserAbleToAddNewSubCategory" time="11.303"/>
  <testcase classname="com.Obsqura.rmartSupermarket.testscript.ManageDeliveryBoyTest" name="verifyToAddDeliveryBoyInManageDeliveryBoyList" time="15.477">
    <skipped/>
  </testcase> <!-- verifyToAddDeliveryBoyInManageDeliveryBoyList -->
  <testcase classname="com.Obsqura.rmartSupermarket.testscript.ManageCategoryTest" name="verifyWhetherselectionOfManageCategorySubMenu" time="7.442"/>
  <testcase classname="com.Obsqura.rmartSupermarket.testscript.ManageDeliveryBoyTest" name="verifyToAddDeliveryBoyInManageDeliveryBoyList" time="7.488">
    <failure type="org.openqa.selenium.ElementClickInterceptedException" message="element click intercepted: Element is not clickable at point (334, 662)
  (Session info: chrome=115.0.5790.110)
Build info: version: &amp;apos;4.9.1&amp;apos;, revision: &amp;apos;eb2032df7f&amp;apos;
System info: os.name: &amp;apos;Windows 10&amp;apos;, os.arch: &amp;apos;amd64&amp;apos;, os.version: &amp;apos;10.0&amp;apos;, java.version: &amp;apos;17.0.1&amp;apos;
Driver info: org.openqa.selenium.chrome.ChromeDriver
Command: [3699b3a5c5facea430318a5573f40a4c, clickElement {id=432A26F1D72E0EF129D147FDF337E4DA_element_45}]
Capabilities {acceptInsecureCerts: false, browserName: chrome, browserVersion: 115.0.5790.110, chrome: {chromedriverVersion: 114.0.5735.90 (386bc09e8f4f..., userDataDir: C:\WINDOWS\SystemTemp\scope...}, goog:chromeOptions: {debuggerAddress: localhost:62127}, networkConnectionEnabled: false, pageLoadStrategy: normal, platformName: windows, proxy: Proxy(), se:cdp: ws://localhost:62127/devtoo..., se:cdpVersion: 115.0.5790.110, setWindowRect: true, strictFileInteractability: false, timeouts: {implicit: 0, pageLoad: 300000, script: 30000}, unhandledPromptBehavior: dismiss and notify, webauthn:extension:credBlob: true, webauthn:extension:largeBlob: true, webauthn:extension:minPinLength: true, webauthn:extension:prf: true, webauthn:virtualAuthenticators: true}
Element: [[ChromeDriver: chrome on windows (3699b3a5c5facea430318a5573f40a4c)] -&amp;gt; xpath: //button[@class=&amp;apos;btn btn-danger&amp;apos;]]
Session ID: 3699b3a5c5facea430318a5573f40a4c">
      <![CDATA[org.openqa.selenium.ElementClickInterceptedException: element click intercepted: Element is not clickable at point (334, 662)
  (Session info: chrome=115.0.5790.110)
Build info: version: '4.9.1', revision: 'eb2032df7f'
System info: os.name: 'Windows 10', os.arch: 'amd64', os.version: '10.0', java.version: '17.0.1'
Driver info: org.openqa.selenium.chrome.ChromeDriver
Command: [3699b3a5c5facea430318a5573f40a4c, clickElement {id=432A26F1D72E0EF129D147FDF337E4DA_element_45}]
Capabilities {acceptInsecureCerts: false, browserName: chrome, browserVersion: 115.0.5790.110, chrome: {chromedriverVersion: 114.0.5735.90 (386bc09e8f4f..., userDataDir: C:\WINDOWS\SystemTemp\scope...}, goog:chromeOptions: {debuggerAddress: localhost:62127}, networkConnectionEnabled: false, pageLoadStrategy: normal, platformName: windows, proxy: Proxy(), se:cdp: ws://localhost:62127/devtoo..., se:cdpVersion: 115.0.5790.110, setWindowRect: true, strictFileInteractability: false, timeouts: {implicit: 0, pageLoad: 300000, script: 30000}, unhandledPromptBehavior: dismiss and notify, webauthn:extension:credBlob: true, webauthn:extension:largeBlob: true, webauthn:extension:minPinLength: true, webauthn:extension:prf: true, webauthn:virtualAuthenticators: true}
Element: [[ChromeDriver: chrome on windows (3699b3a5c5facea430318a5573f40a4c)] -> xpath: //button[@class='btn btn-danger']]
Session ID: 3699b3a5c5facea430318a5573f40a4c
at org.openqa.selenium.remote.codec.w3c.W3CHttpResponseCodec.createException(W3CHttpResponseCodec.java:200)
at org.openqa.selenium.remote.codec.w3c.W3CHttpResponseCodec.decode(W3CHttpResponseCodec.java:133)
at org.openqa.selenium.remote.codec.w3c.W3CHttpResponseCodec.decode(W3CHttpResponseCodec.java:53)
at org.openqa.selenium.remote.HttpCommandExecutor.execute(HttpCommandExecutor.java:193)
at org.openqa.selenium.remote.service.DriverCommandExecutor.invokeExecute(DriverCommandExecutor.java:183)
at org.openqa.selenium.remote.service.DriverCommandExecutor.execute(DriverCommandExecutor.java:158)
at org.openqa.selenium.remote.RemoteWebDriver.execute(RemoteWebDriver.java:543)
at org.openqa.selenium.remote.RemoteWebElement.execute(RemoteWebElement.java:257)
at org.openqa.selenium.remote.RemoteWebElement.click(RemoteWebElement.java:78)
at org.openqa.selenium.support.pagefactory.internal.LocatingElementHandler.invoke(LocatingElementHandler.java:52)
at jdk.proxy2/jdk.proxy2.$Proxy18.click(Unknown Source)
at com.Obsqura.rmartSupermarket.pages.ManageDeliveryBoyPage.clickOnSave(ManageDeliveryBoyPage.java:66)
at com.Obsqura.rmartSupermarket.testscript.ManageDeliveryBoyTest.verifyToAddDeliveryBoyInManageDeliveryBoyList(ManageDeliveryBoyTest.java:21)
at java.base/java.util.concurrent.ThreadPoolExecutor.runWorker(ThreadPoolExecutor.java:1136)
at java.base/java.util.concurrent.ThreadPoolExecutor$Worker.run(ThreadPoolExecutor.java:635)
at java.base/java.lang.Thread.run(Thread.java:833)
... Removed 20 stack frames]]>
    </failure>
  </testcase> <!-- verifyToAddDeliveryBoyInManageDeliveryBoyList -->
</testsuite> <!-- Test -->
