<?xml version="1.0" encoding="UTF-8"?>
<!-- Generated by org.testng.reporters.JUnitXMLReporter -->
<testsuite ignored="0" hostname="5CG9378HNN" failures="1" tests="3" name="Chrome Test" time="29.054" errors="0" timestamp="2023-08-01T08:46:37 IST">
  <testcase classname="com.Obsqura.rmartSupermarket.testscript.ManageDeliveryBoyTest" name="verifyToAddDeliveryBoyInManageDeliveryBoyList" time="4.327">
    <skipped/>
  </testcase> <!-- verifyToAddDeliveryBoyInManageDeliveryBoyList -->
  <testcase classname="com.Obsqura.rmartSupermarket.testscript.ManageDeliveryBoyTest" name="verifyToAddDeliveryBoyInManageDeliveryBoyList" time="4.295">
    <skipped/>
  </testcase> <!-- verifyToAddDeliveryBoyInManageDeliveryBoyList -->
  <testcase classname="com.Obsqura.rmartSupermarket.testscript.ManageDeliveryBoyTest" name="verifyToAddDeliveryBoyInManageDeliveryBoyList" time="4.196">
    <failure type="org.openqa.selenium.ElementClickInterceptedException" message="element click intercepted: Element is not clickable at point (334, 684)
  (Session info: chrome=115.0.5790.110)
Build info: version: &amp;apos;4.9.1&amp;apos;, revision: &amp;apos;eb2032df7f&amp;apos;
System info: os.name: &amp;apos;Windows 10&amp;apos;, os.arch: &amp;apos;amd64&amp;apos;, os.version: &amp;apos;10.0&amp;apos;, java.version: &amp;apos;17.0.1&amp;apos;
Driver info: org.openqa.selenium.chrome.ChromeDriver
Command: [b21200b3a912b267177a77e4c8dc3517, clickElement {id=DE3728C015F24872442BDC2D300B7C2A_element_44}]
Capabilities {acceptInsecureCerts: false, browserName: chrome, browserVersion: 115.0.5790.110, chrome: {chromedriverVersion: 114.0.5735.90 (386bc09e8f4f..., userDataDir: C:\WINDOWS\SystemTemp\scope...}, goog:chromeOptions: {debuggerAddress: localhost:62492}, networkConnectionEnabled: false, pageLoadStrategy: normal, platformName: windows, proxy: Proxy(), se:cdp: ws://localhost:62492/devtoo..., se:cdpVersion: 115.0.5790.110, setWindowRect: true, strictFileInteractability: false, timeouts: {implicit: 0, pageLoad: 300000, script: 30000}, unhandledPromptBehavior: dismiss and notify, webauthn:extension:credBlob: true, webauthn:extension:largeBlob: true, webauthn:extension:minPinLength: true, webauthn:extension:prf: true, webauthn:virtualAuthenticators: true}
Element: [[ChromeDriver: chrome on windows (b21200b3a912b267177a77e4c8dc3517)] -&amp;gt; xpath: //button[@class=&amp;apos;btn btn-danger&amp;apos;]]
Session ID: b21200b3a912b267177a77e4c8dc3517">
      <![CDATA[org.openqa.selenium.ElementClickInterceptedException: element click intercepted: Element is not clickable at point (334, 684)
  (Session info: chrome=115.0.5790.110)
Build info: version: '4.9.1', revision: 'eb2032df7f'
System info: os.name: 'Windows 10', os.arch: 'amd64', os.version: '10.0', java.version: '17.0.1'
Driver info: org.openqa.selenium.chrome.ChromeDriver
Command: [b21200b3a912b267177a77e4c8dc3517, clickElement {id=DE3728C015F24872442BDC2D300B7C2A_element_44}]
Capabilities {acceptInsecureCerts: false, browserName: chrome, browserVersion: 115.0.5790.110, chrome: {chromedriverVersion: 114.0.5735.90 (386bc09e8f4f..., userDataDir: C:\WINDOWS\SystemTemp\scope...}, goog:chromeOptions: {debuggerAddress: localhost:62492}, networkConnectionEnabled: false, pageLoadStrategy: normal, platformName: windows, proxy: Proxy(), se:cdp: ws://localhost:62492/devtoo..., se:cdpVersion: 115.0.5790.110, setWindowRect: true, strictFileInteractability: false, timeouts: {implicit: 0, pageLoad: 300000, script: 30000}, unhandledPromptBehavior: dismiss and notify, webauthn:extension:credBlob: true, webauthn:extension:largeBlob: true, webauthn:extension:minPinLength: true, webauthn:extension:prf: true, webauthn:virtualAuthenticators: true}
Element: [[ChromeDriver: chrome on windows (b21200b3a912b267177a77e4c8dc3517)] -> xpath: //button[@class='btn btn-danger']]
Session ID: b21200b3a912b267177a77e4c8dc3517
at org.openqa.selenium.remote.codec.w3c.W3CHttpResponseCodec.createException(W3CHttpResponseCodec.java:200)
at org.openqa.selenium.remote.codec.w3c.W3CHttpResponseCodec.decode(W3CHttpResponseCodec.java:133)
at org.openqa.selenium.remote.codec.w3c.W3CHttpResponseCodec.decode(W3CHttpResponseCodec.java:53)
at org.openqa.selenium.remote.HttpCommandExecutor.execute(HttpCommandExecutor.java:193)
at org.openqa.selenium.remote.service.DriverCommandExecutor.invokeExecute(DriverCommandExecutor.java:183)
at org.openqa.selenium.remote.service.DriverCommandExecutor.execute(DriverCommandExecutor.java:158)
at org.openqa.selenium.remote.RemoteWebDriver.execute(RemoteWebDriver.java:543)
at org.openqa.selenium.remote.RemoteWebElement.execute(RemoteWebElement.java:257)
at org.openqa.selenium.remote.RemoteWebElement.click(RemoteWebElement.java:78)
at org.openqa.selenium.support.pagefactory.internal.LocatingElementHandler.invoke(LocatingElementHandler.java:52)
at jdk.proxy2/jdk.proxy2.$Proxy18.click(Unknown Source)
at com.Obsqura.rmartSupermarket.pages.ManageDeliveryBoyPage.clickOnSave(ManageDeliveryBoyPage.java:66)
at com.Obsqura.rmartSupermarket.testscript.ManageDeliveryBoyTest.verifyToAddDeliveryBoyInManageDeliveryBoyList(ManageDeliveryBoyTest.java:21)
at java.base/java.util.ArrayList.forEach(ArrayList.java:1511)
... Removed 35 stack frames]]>
    </failure>
  </testcase> <!-- verifyToAddDeliveryBoyInManageDeliveryBoyList -->
</testsuite> <!-- Chrome Test -->
