<!DOCTYPE html>

<html>
  <head>
  <meta charset='utf-8'>
  <title>TestNG reports</title>

    <link type="text/css" href="testng-reports1.css" rel="stylesheet" id="ultra" />
    <link type="text/css" href="testng-reports.css" rel="stylesheet" id="retro" disabled="false"/>
    <script type="text/javascript" src="jquery.min.js"></script>
    <script type="text/javascript" src="testng-reports.js"></script>
    <script type="text/javascript" src="https://www.google.com/jsapi"></script>
    <script type='text/javascript'>
      google.load('visualization', '1', {packages:['table']});
      google.setOnLoadCallback(drawTable);
      var suiteTableInitFunctions = new Array();
      var suiteTableData = new Array();
    </script>
    <!--
      <script type="text/javascript" src="jquery-ui/js/jquery-ui-1.8.16.custom.min.js"></script>
     -->
  </head>

  <body>
    <div class="top-banner-root">
      <span class="top-banner-title-font">Test results</span>
      <button id="button" class="button">Switch Retro Theme</button> <!-- button -->
      <br/>
      <span class="top-banner-font-1">1 suite, 2 failed tests</span>
    </div> <!-- top-banner-root -->
    <div class="navigator-root">
      <div class="navigator-suite-header">
        <span>All suites</span>
        <a href="#" title="Collapse/expand all the suites" class="collapse-all-link">
          <img src="collapseall.gif" class="collapse-all-icon">
          </img> <!-- collapse-all-icon -->
        </a> <!-- collapse-all-link -->
      </div> <!-- navigator-suite-header -->
      <div class="suite">
        <div class="rounded-window">
          <div class="suite-header light-rounded-window-top">
            <a href="#" panel-name="suite-Multy_Browsing" class="navigator-link">
              <span class="suite-name border-failed">Multy Browsing</span>
            </a> <!-- navigator-link -->
          </div> <!-- suite-header light-rounded-window-top -->
          <div class="navigator-suite-content">
            <div class="suite-section-title">
              <span>Info</span>
            </div> <!-- suite-section-title -->
            <div class="suite-section-content">
              <ul>
                <li>
                  <a href="#" panel-name="test-xml-Multy_Browsing" class="navigator-link ">
                    <span>C:\Users\Administrator\eclipse-workspace1\7rmartSupermarket\Multy_Browser_testng2.xml</span>
                  </a> <!-- navigator-link  -->
                </li>
                <li>
                  <a href="#" panel-name="testlist-Multy_Browsing" class="navigator-link ">
                    <span class="test-stats">2 tests</span>
                  </a> <!-- navigator-link  -->
                </li>
                <li>
                  <a href="#" panel-name="group-Multy_Browsing" class="navigator-link ">
                    <span>0 groups</span>
                  </a> <!-- navigator-link  -->
                </li>
                <li>
                  <a href="#" panel-name="times-Multy_Browsing" class="navigator-link ">
                    <span>Times</span>
                  </a> <!-- navigator-link  -->
                </li>
                <li>
                  <a href="#" panel-name="reporter-Multy_Browsing" class="navigator-link ">
                    <span>Reporter output</span>
                  </a> <!-- navigator-link  -->
                </li>
                <li>
                  <a href="#" panel-name="ignored-methods-Multy_Browsing" class="navigator-link ">
                    <span>Ignored methods</span>
                  </a> <!-- navigator-link  -->
                </li>
                <li>
                  <a href="#" panel-name="chronological-Multy_Browsing" class="navigator-link ">
                    <span>Chronological view</span>
                  </a> <!-- navigator-link  -->
                </li>
              </ul>
            </div> <!-- suite-section-content -->
            <div class="result-section">
              <div class="suite-section-title">
                <span>Results</span>
              </div> <!-- suite-section-title -->
              <div class="suite-section-content">
                <ul>
                  <li>
                    <span class="method-stats">6 methods, 2 failed,  4 skipped,  </span>
                  </li>
                  <li>
                    <span class="method-list-title failed">Failed methods</span>
                    <span class="show-or-hide-methods failed">
                      <a href="#" panel-name="suite-Multy_Browsing" class="hide-methods failed suite-Multy_Browsing"> (hide)</a> <!-- hide-methods failed suite-Multy_Browsing -->
                      <a href="#" panel-name="suite-Multy_Browsing" class="show-methods failed suite-Multy_Browsing"> (show)</a> <!-- show-methods failed suite-Multy_Browsing -->
                    </span>
                    <div class="method-list-content failed suite-Multy_Browsing">
                      <span>
                        <img src="failed.png" width="3%"/>
                        <a href="#" panel-name="suite-Multy_Browsing" title="com.Obsqura.rmartSupermarket.testscript.ManageDeliveryBoyTest" class="method navigator-link" hash-for-method="verifyToAddDeliveryBoyInManageDeliveryBoyList">verifyToAddDeliveryBoyInManageDeliveryBoyList</a> <!-- method navigator-link -->
                      </span>
                      <br/>
                      <span>
                        <img src="failed.png" width="3%"/>
                        <a href="#" panel-name="suite-Multy_Browsing" title="com.Obsqura.rmartSupermarket.testscript.ManageDeliveryBoyTest" class="method navigator-link" hash-for-method="verifyToAddDeliveryBoyInManageDeliveryBoyList">verifyToAddDeliveryBoyInManageDeliveryBoyList</a> <!-- method navigator-link -->
                      </span>
                      <br/>
                    </div> <!-- method-list-content failed suite-Multy_Browsing -->
                  </li>
                  <li>
                    <span class="method-list-title skipped">Retried methods</span>
                    <span class="show-or-hide-methods skipped">
                      <a href="#" panel-name="suite-Multy_Browsing" class="hide-methods skipped suite-Multy_Browsing"> (hide)</a> <!-- hide-methods skipped suite-Multy_Browsing -->
                      <a href="#" panel-name="suite-Multy_Browsing" class="show-methods skipped suite-Multy_Browsing"> (show)</a> <!-- show-methods skipped suite-Multy_Browsing -->
                    </span>
                    <div class="method-list-content skipped suite-Multy_Browsing">
                      <span>
                        <img src="skipped.png" width="3%"/>
                        <a href="#" panel-name="suite-Multy_Browsing" title="com.Obsqura.rmartSupermarket.testscript.ManageDeliveryBoyTest" class="method navigator-link" hash-for-method="verifyToAddDeliveryBoyInManageDeliveryBoyList">verifyToAddDeliveryBoyInManageDeliveryBoyList</a> <!-- method navigator-link -->
                      </span>
                      <br/>
                      <span>
                        <img src="skipped.png" width="3%"/>
                        <a href="#" panel-name="suite-Multy_Browsing" title="com.Obsqura.rmartSupermarket.testscript.ManageDeliveryBoyTest" class="method navigator-link" hash-for-method="verifyToAddDeliveryBoyInManageDeliveryBoyList">verifyToAddDeliveryBoyInManageDeliveryBoyList</a> <!-- method navigator-link -->
                      </span>
                      <br/>
                      <span>
                        <img src="skipped.png" width="3%"/>
                        <a href="#" panel-name="suite-Multy_Browsing" title="com.Obsqura.rmartSupermarket.testscript.ManageDeliveryBoyTest" class="method navigator-link" hash-for-method="verifyToAddDeliveryBoyInManageDeliveryBoyList">verifyToAddDeliveryBoyInManageDeliveryBoyList</a> <!-- method navigator-link -->
                      </span>
                      <br/>
                      <span>
                        <img src="skipped.png" width="3%"/>
                        <a href="#" panel-name="suite-Multy_Browsing" title="com.Obsqura.rmartSupermarket.testscript.ManageDeliveryBoyTest" class="method navigator-link" hash-for-method="verifyToAddDeliveryBoyInManageDeliveryBoyList">verifyToAddDeliveryBoyInManageDeliveryBoyList</a> <!-- method navigator-link -->
                      </span>
                      <br/>
                    </div> <!-- method-list-content skipped suite-Multy_Browsing -->
                  </li>
                </ul>
              </div> <!-- suite-section-content -->
            </div> <!-- result-section -->
          </div> <!-- navigator-suite-content -->
        </div> <!-- rounded-window -->
      </div> <!-- suite -->
    </div> <!-- navigator-root -->
    <div class="wrapper">
      <div class="main-panel-root">
        <div panel-name="suite-Multy_Browsing" class="panel Multy_Browsing">
          <div class="suite-Multy_Browsing-class-failed">
            <div class="main-panel-header rounded-window-top">
              <img src="failed.png"/>
              <span class="class-name">com.Obsqura.rmartSupermarket.testscript.ManageDeliveryBoyTest</span>
            </div> <!-- main-panel-header rounded-window-top -->
            <div class="main-panel-content rounded-window-bottom">
              <div class="method">
                <div class="method-content">
                  <a name="verifyToAddDeliveryBoyInManageDeliveryBoyList">
                  </a> <!-- verifyToAddDeliveryBoyInManageDeliveryBoyList -->
                  <span class="method-name">verifyToAddDeliveryBoyInManageDeliveryBoyList</span>
                  <div class="stack-trace">org.openqa.selenium.ElementClickInterceptedException: element click intercepted: Element is not clickable at point (334, 677)
  (Session info: MicrosoftEdge=115.0.1901.188)
Build info: version: &apos;4.9.1&apos;, revision: &apos;eb2032df7f&apos;
System info: os.name: &apos;Windows 10&apos;, os.arch: &apos;amd64&apos;, os.version: &apos;10.0&apos;, java.version: &apos;17.0.1&apos;
Driver info: org.openqa.selenium.edge.EdgeDriver
Command: [2ea593ceed859da021c1cf83749e2e7b, clickElement {id=7BA702649421AB690E5B4C585A8C60F7_element_46}]
Capabilities {acceptInsecureCerts: false, browserName: msedge, browserVersion: 115.0.1901.188, ms:edgeOptions: {debuggerAddress: localhost:62304}, msedge: {msedgedriverVersion: 115.0.1901.188 (b51b39339c4..., userDataDir: C:\WINDOWS\SystemTemp\scope...}, networkConnectionEnabled: false, pageLoadStrategy: normal, platformName: windows, proxy: Proxy(), se:cdp: ws://localhost:62304/devtoo..., se:cdpVersion: 115.0.1901.188, setWindowRect: true, strictFileInteractability: false, timeouts: {implicit: 0, pageLoad: 300000, script: 30000}, unhandledPromptBehavior: dismiss and notify, webauthn:extension:credBlob: true, webauthn:extension:largeBlob: true, webauthn:extension:minPinLength: true, webauthn:extension:prf: true, webauthn:virtualAuthenticators: true}
Element: [[EdgeDriver: msedge on windows (2ea593ceed859da021c1cf83749e2e7b)] -&gt; xpath: //button[@class=&apos;btn btn-danger&apos;]]
Session ID: 2ea593ceed859da021c1cf83749e2e7b
	at org.openqa.selenium.remote.codec.w3c.W3CHttpResponseCodec.createException(W3CHttpResponseCodec.java:200)
	at org.openqa.selenium.remote.codec.w3c.W3CHttpResponseCodec.decode(W3CHttpResponseCodec.java:133)
	at org.openqa.selenium.remote.codec.w3c.W3CHttpResponseCodec.decode(W3CHttpResponseCodec.java:53)
	at org.openqa.selenium.remote.HttpCommandExecutor.execute(HttpCommandExecutor.java:193)
	at org.openqa.selenium.remote.service.DriverCommandExecutor.invokeExecute(DriverCommandExecutor.java:183)
	at org.openqa.selenium.remote.service.DriverCommandExecutor.execute(DriverCommandExecutor.java:158)
	at org.openqa.selenium.remote.RemoteWebDriver.execute(RemoteWebDriver.java:543)
	at org.openqa.selenium.remote.RemoteWebElement.execute(RemoteWebElement.java:257)
	at org.openqa.selenium.remote.RemoteWebElement.click(RemoteWebElement.java:78)
	at org.openqa.selenium.support.pagefactory.internal.LocatingElementHandler.invoke(LocatingElementHandler.java:52)
	at jdk.proxy2/jdk.proxy2.$Proxy18.click(Unknown Source)
	at com.Obsqura.rmartSupermarket.pages.ManageDeliveryBoyPage.clickOnSave(ManageDeliveryBoyPage.java:66)
	at com.Obsqura.rmartSupermarket.testscript.ManageDeliveryBoyTest.verifyToAddDeliveryBoyInManageDeliveryBoyList(ManageDeliveryBoyTest.java:21)
	at java.base/java.util.ArrayList.forEach(ArrayList.java:1511)
... Removed 36 stack frames
</div> <!-- stack-trace -->
                  <em>
(Verify whether user is able to add DeliveryBoyInManageDeliveryBoyList)                  </em>
                </div> <!-- method-content -->
              </div> <!-- method -->
              <div class="method">
                <div class="method-content">
                  <a name="verifyToAddDeliveryBoyInManageDeliveryBoyList">
                  </a> <!-- verifyToAddDeliveryBoyInManageDeliveryBoyList -->
                  <span class="method-name">verifyToAddDeliveryBoyInManageDeliveryBoyList</span>
                  <div class="stack-trace">org.openqa.selenium.ElementClickInterceptedException: element click intercepted: Element is not clickable at point (334, 684)
  (Session info: chrome=115.0.5790.110)
Build info: version: &apos;4.9.1&apos;, revision: &apos;eb2032df7f&apos;
System info: os.name: &apos;Windows 10&apos;, os.arch: &apos;amd64&apos;, os.version: &apos;10.0&apos;, java.version: &apos;17.0.1&apos;
Driver info: org.openqa.selenium.chrome.ChromeDriver
Command: [b21200b3a912b267177a77e4c8dc3517, clickElement {id=DE3728C015F24872442BDC2D300B7C2A_element_44}]
Capabilities {acceptInsecureCerts: false, browserName: chrome, browserVersion: 115.0.5790.110, chrome: {chromedriverVersion: 114.0.5735.90 (386bc09e8f4f..., userDataDir: C:\WINDOWS\SystemTemp\scope...}, goog:chromeOptions: {debuggerAddress: localhost:62492}, networkConnectionEnabled: false, pageLoadStrategy: normal, platformName: windows, proxy: Proxy(), se:cdp: ws://localhost:62492/devtoo..., se:cdpVersion: 115.0.5790.110, setWindowRect: true, strictFileInteractability: false, timeouts: {implicit: 0, pageLoad: 300000, script: 30000}, unhandledPromptBehavior: dismiss and notify, webauthn:extension:credBlob: true, webauthn:extension:largeBlob: true, webauthn:extension:minPinLength: true, webauthn:extension:prf: true, webauthn:virtualAuthenticators: true}
Element: [[ChromeDriver: chrome on windows (b21200b3a912b267177a77e4c8dc3517)] -&gt; xpath: //button[@class=&apos;btn btn-danger&apos;]]
Session ID: b21200b3a912b267177a77e4c8dc3517
	at org.openqa.selenium.remote.codec.w3c.W3CHttpResponseCodec.createException(W3CHttpResponseCodec.java:200)
	at org.openqa.selenium.remote.codec.w3c.W3CHttpResponseCodec.decode(W3CHttpResponseCodec.java:133)
	at org.openqa.selenium.remote.codec.w3c.W3CHttpResponseCodec.decode(W3CHttpResponseCodec.java:53)
	at org.openqa.selenium.remote.HttpCommandExecutor.execute(HttpCommandExecutor.java:193)
	at org.openqa.selenium.remote.service.DriverCommandExecutor.invokeExecute(DriverCommandExecutor.java:183)
	at org.openqa.selenium.remote.service.DriverCommandExecutor.execute(DriverCommandExecutor.java:158)
	at org.openqa.selenium.remote.RemoteWebDriver.execute(RemoteWebDriver.java:543)
	at org.openqa.selenium.remote.RemoteWebElement.execute(RemoteWebElement.java:257)
	at org.openqa.selenium.remote.RemoteWebElement.click(RemoteWebElement.java:78)
	at org.openqa.selenium.support.pagefactory.internal.LocatingElementHandler.invoke(LocatingElementHandler.java:52)
	at jdk.proxy2/jdk.proxy2.$Proxy18.click(Unknown Source)
	at com.Obsqura.rmartSupermarket.pages.ManageDeliveryBoyPage.clickOnSave(ManageDeliveryBoyPage.java:66)
	at com.Obsqura.rmartSupermarket.testscript.ManageDeliveryBoyTest.verifyToAddDeliveryBoyInManageDeliveryBoyList(ManageDeliveryBoyTest.java:21)
	at java.base/java.util.ArrayList.forEach(ArrayList.java:1511)
... Removed 35 stack frames
</div> <!-- stack-trace -->
                  <em>
(Verify whether user is able to add DeliveryBoyInManageDeliveryBoyList)                  </em>
                </div> <!-- method-content -->
              </div> <!-- method -->
            </div> <!-- main-panel-content rounded-window-bottom -->
          </div> <!-- suite-Multy_Browsing-class-failed -->
          <div class="suite-Multy_Browsing-class-skipped">
            <div class="main-panel-header rounded-window-top">
              <img src="skipped.png"/>
              <span class="class-name">com.Obsqura.rmartSupermarket.testscript.ManageDeliveryBoyTest</span>
            </div> <!-- main-panel-header rounded-window-top -->
            <div class="main-panel-content rounded-window-bottom">
              <div class="method">
                <div class="method-content">
                  <a name="verifyToAddDeliveryBoyInManageDeliveryBoyList">
                  </a> <!-- verifyToAddDeliveryBoyInManageDeliveryBoyList -->
                  <span class="method-name">verifyToAddDeliveryBoyInManageDeliveryBoyList</span>
                  <div class="stack-trace">org.openqa.selenium.ElementClickInterceptedException: element click intercepted: Element is not clickable at point (334, 670)
  (Session info: MicrosoftEdge=115.0.1901.188)
Build info: version: &apos;4.9.1&apos;, revision: &apos;eb2032df7f&apos;
System info: os.name: &apos;Windows 10&apos;, os.arch: &apos;amd64&apos;, os.version: &apos;10.0&apos;, java.version: &apos;17.0.1&apos;
Driver info: org.openqa.selenium.edge.EdgeDriver
Command: [fceefc18367a832f593c5cafd16b1c7b, clickElement {id=FF0146031D50803524B0989FF5696D37_element_44}]
Capabilities {acceptInsecureCerts: false, browserName: msedge, browserVersion: 115.0.1901.188, ms:edgeOptions: {debuggerAddress: localhost:62231}, msedge: {msedgedriverVersion: 115.0.1901.188 (b51b39339c4..., userDataDir: C:\WINDOWS\SystemTemp\scope...}, networkConnectionEnabled: false, pageLoadStrategy: normal, platformName: windows, proxy: Proxy(), se:cdp: ws://localhost:62231/devtoo..., se:cdpVersion: 115.0.1901.188, setWindowRect: true, strictFileInteractability: false, timeouts: {implicit: 0, pageLoad: 300000, script: 30000}, unhandledPromptBehavior: dismiss and notify, webauthn:extension:credBlob: true, webauthn:extension:largeBlob: true, webauthn:extension:minPinLength: true, webauthn:extension:prf: true, webauthn:virtualAuthenticators: true}
Element: [[EdgeDriver: msedge on windows (fceefc18367a832f593c5cafd16b1c7b)] -&gt; xpath: //button[@class=&apos;btn btn-danger&apos;]]
Session ID: fceefc18367a832f593c5cafd16b1c7b
	at org.openqa.selenium.remote.codec.w3c.W3CHttpResponseCodec.createException(W3CHttpResponseCodec.java:200)
	at org.openqa.selenium.remote.codec.w3c.W3CHttpResponseCodec.decode(W3CHttpResponseCodec.java:133)
	at org.openqa.selenium.remote.codec.w3c.W3CHttpResponseCodec.decode(W3CHttpResponseCodec.java:53)
	at org.openqa.selenium.remote.HttpCommandExecutor.execute(HttpCommandExecutor.java:193)
	at org.openqa.selenium.remote.service.DriverCommandExecutor.invokeExecute(DriverCommandExecutor.java:183)
	at org.openqa.selenium.remote.service.DriverCommandExecutor.execute(DriverCommandExecutor.java:158)
	at org.openqa.selenium.remote.RemoteWebDriver.execute(RemoteWebDriver.java:543)
	at org.openqa.selenium.remote.RemoteWebElement.execute(RemoteWebElement.java:257)
	at org.openqa.selenium.remote.RemoteWebElement.click(RemoteWebElement.java:78)
	at org.openqa.selenium.support.pagefactory.internal.LocatingElementHandler.invoke(LocatingElementHandler.java:52)
	at jdk.proxy2/jdk.proxy2.$Proxy18.click(Unknown Source)
	at com.Obsqura.rmartSupermarket.pages.ManageDeliveryBoyPage.clickOnSave(ManageDeliveryBoyPage.java:66)
	at com.Obsqura.rmartSupermarket.testscript.ManageDeliveryBoyTest.verifyToAddDeliveryBoyInManageDeliveryBoyList(ManageDeliveryBoyTest.java:21)
	at java.base/java.util.ArrayList.forEach(ArrayList.java:1511)
... Removed 36 stack frames
</div> <!-- stack-trace -->
                  <em>
(Verify whether user is able to add DeliveryBoyInManageDeliveryBoyList)                  </em>
                </div> <!-- method-content -->
              </div> <!-- method -->
              <div class="method">
                <div class="method-content">
                  <a name="verifyToAddDeliveryBoyInManageDeliveryBoyList">
                  </a> <!-- verifyToAddDeliveryBoyInManageDeliveryBoyList -->
                  <span class="method-name">verifyToAddDeliveryBoyInManageDeliveryBoyList</span>
                  <div class="stack-trace">org.openqa.selenium.ElementClickInterceptedException: element click intercepted: Element is not clickable at point (334, 670)
  (Session info: MicrosoftEdge=115.0.1901.188)
Build info: version: &apos;4.9.1&apos;, revision: &apos;eb2032df7f&apos;
System info: os.name: &apos;Windows 10&apos;, os.arch: &apos;amd64&apos;, os.version: &apos;10.0&apos;, java.version: &apos;17.0.1&apos;
Driver info: org.openqa.selenium.edge.EdgeDriver
Command: [a945513b2cfecaebb610f4f00d3e8af1, clickElement {id=9A012C179348D64322749D5E93B7CB0C_element_46}]
Capabilities {acceptInsecureCerts: false, browserName: msedge, browserVersion: 115.0.1901.188, ms:edgeOptions: {debuggerAddress: localhost:62269}, msedge: {msedgedriverVersion: 115.0.1901.188 (b51b39339c4..., userDataDir: C:\WINDOWS\SystemTemp\scope...}, networkConnectionEnabled: false, pageLoadStrategy: normal, platformName: windows, proxy: Proxy(), se:cdp: ws://localhost:62269/devtoo..., se:cdpVersion: 115.0.1901.188, setWindowRect: true, strictFileInteractability: false, timeouts: {implicit: 0, pageLoad: 300000, script: 30000}, unhandledPromptBehavior: dismiss and notify, webauthn:extension:credBlob: true, webauthn:extension:largeBlob: true, webauthn:extension:minPinLength: true, webauthn:extension:prf: true, webauthn:virtualAuthenticators: true}
Element: [[EdgeDriver: msedge on windows (a945513b2cfecaebb610f4f00d3e8af1)] -&gt; xpath: //button[@class=&apos;btn btn-danger&apos;]]
Session ID: a945513b2cfecaebb610f4f00d3e8af1
	at org.openqa.selenium.remote.codec.w3c.W3CHttpResponseCodec.createException(W3CHttpResponseCodec.java:200)
	at org.openqa.selenium.remote.codec.w3c.W3CHttpResponseCodec.decode(W3CHttpResponseCodec.java:133)
	at org.openqa.selenium.remote.codec.w3c.W3CHttpResponseCodec.decode(W3CHttpResponseCodec.java:53)
	at org.openqa.selenium.remote.HttpCommandExecutor.execute(HttpCommandExecutor.java:193)
	at org.openqa.selenium.remote.service.DriverCommandExecutor.invokeExecute(DriverCommandExecutor.java:183)
	at org.openqa.selenium.remote.service.DriverCommandExecutor.execute(DriverCommandExecutor.java:158)
	at org.openqa.selenium.remote.RemoteWebDriver.execute(RemoteWebDriver.java:543)
	at org.openqa.selenium.remote.RemoteWebElement.execute(RemoteWebElement.java:257)
	at org.openqa.selenium.remote.RemoteWebElement.click(RemoteWebElement.java:78)
	at org.openqa.selenium.support.pagefactory.internal.LocatingElementHandler.invoke(LocatingElementHandler.java:52)
	at jdk.proxy2/jdk.proxy2.$Proxy18.click(Unknown Source)
	at com.Obsqura.rmartSupermarket.pages.ManageDeliveryBoyPage.clickOnSave(ManageDeliveryBoyPage.java:66)
	at com.Obsqura.rmartSupermarket.testscript.ManageDeliveryBoyTest.verifyToAddDeliveryBoyInManageDeliveryBoyList(ManageDeliveryBoyTest.java:21)
	at java.base/java.util.ArrayList.forEach(ArrayList.java:1511)
... Removed 36 stack frames
</div> <!-- stack-trace -->
                  <em>
(Verify whether user is able to add DeliveryBoyInManageDeliveryBoyList)                  </em>
                </div> <!-- method-content -->
              </div> <!-- method -->
              <div class="method">
                <div class="method-content">
                  <a name="verifyToAddDeliveryBoyInManageDeliveryBoyList">
                  </a> <!-- verifyToAddDeliveryBoyInManageDeliveryBoyList -->
                  <span class="method-name">verifyToAddDeliveryBoyInManageDeliveryBoyList</span>
                  <div class="stack-trace">org.openqa.selenium.ElementClickInterceptedException: element click intercepted: Element is not clickable at point (334, 666)
  (Session info: chrome=115.0.5790.110)
Build info: version: &apos;4.9.1&apos;, revision: &apos;eb2032df7f&apos;
System info: os.name: &apos;Windows 10&apos;, os.arch: &apos;amd64&apos;, os.version: &apos;10.0&apos;, java.version: &apos;17.0.1&apos;
Driver info: org.openqa.selenium.chrome.ChromeDriver
Command: [21f87d6e2e1fbfed2af16a2c9f3365b3, clickElement {id=2663C1C3A88E60F9ECE1052C5BB238A5_element_50}]
Capabilities {acceptInsecureCerts: false, browserName: chrome, browserVersion: 115.0.5790.110, chrome: {chromedriverVersion: 114.0.5735.90 (386bc09e8f4f..., userDataDir: C:\WINDOWS\SystemTemp\scope...}, goog:chromeOptions: {debuggerAddress: localhost:62443}, networkConnectionEnabled: false, pageLoadStrategy: normal, platformName: windows, proxy: Proxy(), se:cdp: ws://localhost:62443/devtoo..., se:cdpVersion: 115.0.5790.110, setWindowRect: true, strictFileInteractability: false, timeouts: {implicit: 0, pageLoad: 300000, script: 30000}, unhandledPromptBehavior: dismiss and notify, webauthn:extension:credBlob: true, webauthn:extension:largeBlob: true, webauthn:extension:minPinLength: true, webauthn:extension:prf: true, webauthn:virtualAuthenticators: true}
Element: [[ChromeDriver: chrome on windows (21f87d6e2e1fbfed2af16a2c9f3365b3)] -&gt; xpath: //button[@class=&apos;btn btn-danger&apos;]]
Session ID: 21f87d6e2e1fbfed2af16a2c9f3365b3
	at org.openqa.selenium.remote.codec.w3c.W3CHttpResponseCodec.createException(W3CHttpResponseCodec.java:200)
	at org.openqa.selenium.remote.codec.w3c.W3CHttpResponseCodec.decode(W3CHttpResponseCodec.java:133)
	at org.openqa.selenium.remote.codec.w3c.W3CHttpResponseCodec.decode(W3CHttpResponseCodec.java:53)
	at org.openqa.selenium.remote.HttpCommandExecutor.execute(HttpCommandExecutor.java:193)
	at org.openqa.selenium.remote.service.DriverCommandExecutor.invokeExecute(DriverCommandExecutor.java:183)
	at org.openqa.selenium.remote.service.DriverCommandExecutor.execute(DriverCommandExecutor.java:158)
	at org.openqa.selenium.remote.RemoteWebDriver.execute(RemoteWebDriver.java:543)
	at org.openqa.selenium.remote.RemoteWebElement.execute(RemoteWebElement.java:257)
	at org.openqa.selenium.remote.RemoteWebElement.click(RemoteWebElement.java:78)
	at org.openqa.selenium.support.pagefactory.internal.LocatingElementHandler.invoke(LocatingElementHandler.java:52)
	at jdk.proxy2/jdk.proxy2.$Proxy18.click(Unknown Source)
	at com.Obsqura.rmartSupermarket.pages.ManageDeliveryBoyPage.clickOnSave(ManageDeliveryBoyPage.java:66)
	at com.Obsqura.rmartSupermarket.testscript.ManageDeliveryBoyTest.verifyToAddDeliveryBoyInManageDeliveryBoyList(ManageDeliveryBoyTest.java:21)
	at java.base/java.util.ArrayList.forEach(ArrayList.java:1511)
... Removed 36 stack frames
</div> <!-- stack-trace -->
                  <em>
(Verify whether user is able to add DeliveryBoyInManageDeliveryBoyList)                  </em>
                </div> <!-- method-content -->
              </div> <!-- method -->
              <div class="method">
                <div class="method-content">
                  <a name="verifyToAddDeliveryBoyInManageDeliveryBoyList">
                  </a> <!-- verifyToAddDeliveryBoyInManageDeliveryBoyList -->
                  <span class="method-name">verifyToAddDeliveryBoyInManageDeliveryBoyList</span>
                  <div class="stack-trace">org.openqa.selenium.ElementClickInterceptedException: element click intercepted: Element is not clickable at point (334, 685)
  (Session info: chrome=115.0.5790.110)
Build info: version: &apos;4.9.1&apos;, revision: &apos;eb2032df7f&apos;
System info: os.name: &apos;Windows 10&apos;, os.arch: &apos;amd64&apos;, os.version: &apos;10.0&apos;, java.version: &apos;17.0.1&apos;
Driver info: org.openqa.selenium.chrome.ChromeDriver
Command: [721540653290ef891934ee13f065c711, clickElement {id=FF4D8E5577337EFC65B336B7F084A1DD_element_49}]
Capabilities {acceptInsecureCerts: false, browserName: chrome, browserVersion: 115.0.5790.110, chrome: {chromedriverVersion: 114.0.5735.90 (386bc09e8f4f..., userDataDir: C:\WINDOWS\SystemTemp\scope...}, goog:chromeOptions: {debuggerAddress: localhost:62468}, networkConnectionEnabled: false, pageLoadStrategy: normal, platformName: windows, proxy: Proxy(), se:cdp: ws://localhost:62468/devtoo..., se:cdpVersion: 115.0.5790.110, setWindowRect: true, strictFileInteractability: false, timeouts: {implicit: 0, pageLoad: 300000, script: 30000}, unhandledPromptBehavior: dismiss and notify, webauthn:extension:credBlob: true, webauthn:extension:largeBlob: true, webauthn:extension:minPinLength: true, webauthn:extension:prf: true, webauthn:virtualAuthenticators: true}
Element: [[ChromeDriver: chrome on windows (721540653290ef891934ee13f065c711)] -&gt; xpath: //button[@class=&apos;btn btn-danger&apos;]]
Session ID: 721540653290ef891934ee13f065c711
	at org.openqa.selenium.remote.codec.w3c.W3CHttpResponseCodec.createException(W3CHttpResponseCodec.java:200)
	at org.openqa.selenium.remote.codec.w3c.W3CHttpResponseCodec.decode(W3CHttpResponseCodec.java:133)
	at org.openqa.selenium.remote.codec.w3c.W3CHttpResponseCodec.decode(W3CHttpResponseCodec.java:53)
	at org.openqa.selenium.remote.HttpCommandExecutor.execute(HttpCommandExecutor.java:193)
	at org.openqa.selenium.remote.service.DriverCommandExecutor.invokeExecute(DriverCommandExecutor.java:183)
	at org.openqa.selenium.remote.service.DriverCommandExecutor.execute(DriverCommandExecutor.java:158)
	at org.openqa.selenium.remote.RemoteWebDriver.execute(RemoteWebDriver.java:543)
	at org.openqa.selenium.remote.RemoteWebElement.execute(RemoteWebElement.java:257)
	at org.openqa.selenium.remote.RemoteWebElement.click(RemoteWebElement.java:78)
	at org.openqa.selenium.support.pagefactory.internal.LocatingElementHandler.invoke(LocatingElementHandler.java:52)
	at jdk.proxy2/jdk.proxy2.$Proxy18.click(Unknown Source)
	at com.Obsqura.rmartSupermarket.pages.ManageDeliveryBoyPage.clickOnSave(ManageDeliveryBoyPage.java:66)
	at com.Obsqura.rmartSupermarket.testscript.ManageDeliveryBoyTest.verifyToAddDeliveryBoyInManageDeliveryBoyList(ManageDeliveryBoyTest.java:21)
	at java.base/java.util.ArrayList.forEach(ArrayList.java:1511)
... Removed 35 stack frames
</div> <!-- stack-trace -->
                  <em>
(Verify whether user is able to add DeliveryBoyInManageDeliveryBoyList)                  </em>
                </div> <!-- method-content -->
              </div> <!-- method -->
            </div> <!-- main-panel-content rounded-window-bottom -->
          </div> <!-- suite-Multy_Browsing-class-skipped -->
        </div> <!-- panel Multy_Browsing -->
        <div panel-name="test-xml-Multy_Browsing" class="panel">
          <div class="main-panel-header rounded-window-top">
            <span class="header-content">C:\Users\Administrator\eclipse-workspace1\7rmartSupermarket\Multy_Browser_testng2.xml</span>
          </div> <!-- main-panel-header rounded-window-top -->
          <div class="main-panel-content rounded-window-bottom">
            <pre>
&lt;?xml version=&quot;1.0&quot; encoding=&quot;UTF-8&quot;?&gt;
&lt;!DOCTYPE suite SYSTEM &quot;https://testng.org/testng-1.0.dtd&quot;&gt;
&lt;suite name=&quot;Multy Browsing&quot; guice-stage=&quot;DEVELOPMENT&quot;&gt;
  &lt;listeners&gt;
    &lt;listener class-name=&quot;listeners.ListenerUtility&quot;/&gt;
  &lt;/listeners&gt;
  &lt;test thread-count=&quot;5&quot; name=&quot;Edge Test&quot;&gt;
    &lt;parameter name=&quot;browser&quot; value=&quot;edge&quot;/&gt;
    &lt;classes&gt;
      &lt;class name=&quot;com.Obsqura.rmartSupermarket.testscript.ManageDeliveryBoyTest&quot;&gt;
        &lt;methods&gt;
          &lt;include name=&quot;verifyToAddDeliveryBoyInManageDeliveryBoyList&quot;/&gt;
        &lt;/methods&gt;
      &lt;/class&gt; &lt;!-- com.Obsqura.rmartSupermarket.testscript.ManageDeliveryBoyTest --&gt;
    &lt;/classes&gt;
  &lt;/test&gt; &lt;!-- Edge Test --&gt;
  &lt;test thread-count=&quot;5&quot; name=&quot;Chrome Test&quot;&gt;
    &lt;parameter name=&quot;browser&quot; value=&quot;chrome&quot;/&gt;
    &lt;classes&gt;
      &lt;class name=&quot;com.Obsqura.rmartSupermarket.testscript.ManageDeliveryBoyTest&quot;&gt;
        &lt;methods&gt;
          &lt;include name=&quot;verifyToAddDeliveryBoyInManageDeliveryBoyList&quot;/&gt;
        &lt;/methods&gt;
      &lt;/class&gt; &lt;!-- com.Obsqura.rmartSupermarket.testscript.ManageDeliveryBoyTest --&gt;
    &lt;/classes&gt;
  &lt;/test&gt; &lt;!-- Chrome Test --&gt;
&lt;/suite&gt; &lt;!-- Multy Browsing --&gt;
            </pre>
          </div> <!-- main-panel-content rounded-window-bottom -->
        </div> <!-- panel -->
        <div panel-name="testlist-Multy_Browsing" class="panel">
          <div class="main-panel-header rounded-window-top">
            <span class="header-content">Tests for Multy Browsing</span>
          </div> <!-- main-panel-header rounded-window-top -->
          <div class="main-panel-content rounded-window-bottom">
            <ul>
              <li>
                <span class="test-name">Edge Test (1 class)</span>
              </li>
              <li>
                <span class="test-name">Chrome Test (1 class)</span>
              </li>
            </ul>
          </div> <!-- main-panel-content rounded-window-bottom -->
        </div> <!-- panel -->
        <div panel-name="group-Multy_Browsing" class="panel">
          <div class="main-panel-header rounded-window-top">
            <span class="header-content">Groups for Multy Browsing</span>
          </div> <!-- main-panel-header rounded-window-top -->
          <div class="main-panel-content rounded-window-bottom">
          </div> <!-- main-panel-content rounded-window-bottom -->
        </div> <!-- panel -->
        <div panel-name="times-Multy_Browsing" class="panel">
          <div class="main-panel-header rounded-window-top">
            <span class="header-content">Times for Multy Browsing</span>
          </div> <!-- main-panel-header rounded-window-top -->
          <div class="main-panel-content rounded-window-bottom">
            <div class="times-div">
              <script type="text/javascript">
suiteTableInitFunctions.push('tableData_Multy_Browsing');
function tableData_Multy_Browsing() {
var data = new google.visualization.DataTable();
data.addColumn('number', 'Number');
data.addColumn('string', 'Method');
data.addColumn('string', 'Class');
data.addColumn('number', 'Time (ms)');
data.addRows(6);
data.setCell(0, 0, 0)
data.setCell(0, 1, 'verifyToAddDeliveryBoyInManageDeliveryBoyList')
data.setCell(0, 2, 'com.Obsqura.rmartSupermarket.testscript.ManageDeliveryBoyTest')
data.setCell(0, 3, 6315);
data.setCell(1, 0, 1)
data.setCell(1, 1, 'verifyToAddDeliveryBoyInManageDeliveryBoyList')
data.setCell(1, 2, 'com.Obsqura.rmartSupermarket.testscript.ManageDeliveryBoyTest')
data.setCell(1, 3, 4983);
data.setCell(2, 0, 2)
data.setCell(2, 1, 'verifyToAddDeliveryBoyInManageDeliveryBoyList')
data.setCell(2, 2, 'com.Obsqura.rmartSupermarket.testscript.ManageDeliveryBoyTest')
data.setCell(2, 3, 4658);
data.setCell(3, 0, 3)
data.setCell(3, 1, 'verifyToAddDeliveryBoyInManageDeliveryBoyList')
data.setCell(3, 2, 'com.Obsqura.rmartSupermarket.testscript.ManageDeliveryBoyTest')
data.setCell(3, 3, 4327);
data.setCell(4, 0, 4)
data.setCell(4, 1, 'verifyToAddDeliveryBoyInManageDeliveryBoyList')
data.setCell(4, 2, 'com.Obsqura.rmartSupermarket.testscript.ManageDeliveryBoyTest')
data.setCell(4, 3, 4295);
data.setCell(5, 0, 5)
data.setCell(5, 1, 'verifyToAddDeliveryBoyInManageDeliveryBoyList')
data.setCell(5, 2, 'com.Obsqura.rmartSupermarket.testscript.ManageDeliveryBoyTest')
data.setCell(5, 3, 4196);
window.suiteTableData['Multy_Browsing']= { tableData: data, tableDiv: 'times-div-Multy_Browsing'}
return data;
}
              </script>
              <span class="suite-total-time">Total running time: 28 seconds</span>
              <div id="times-div-Multy_Browsing">
              </div> <!-- times-div-Multy_Browsing -->
            </div> <!-- times-div -->
          </div> <!-- main-panel-content rounded-window-bottom -->
        </div> <!-- panel -->
        <div panel-name="reporter-Multy_Browsing" class="panel">
          <div class="main-panel-header rounded-window-top">
            <span class="header-content">Reporter output for Multy Browsing</span>
          </div> <!-- main-panel-header rounded-window-top -->
          <div class="main-panel-content rounded-window-bottom">
          </div> <!-- main-panel-content rounded-window-bottom -->
        </div> <!-- panel -->
        <div panel-name="ignored-methods-Multy_Browsing" class="panel">
          <div class="main-panel-header rounded-window-top">
            <span class="header-content">0 ignored methods</span>
          </div> <!-- main-panel-header rounded-window-top -->
          <div class="main-panel-content rounded-window-bottom">
          </div> <!-- main-panel-content rounded-window-bottom -->
        </div> <!-- panel -->
        <div panel-name="chronological-Multy_Browsing" class="panel">
          <div class="main-panel-header rounded-window-top">
            <span class="header-content">Methods in chronological order</span>
          </div> <!-- main-panel-header rounded-window-top -->
          <div class="main-panel-content rounded-window-bottom">
            <div class="chronological-class">
              <div class="chronological-class-name">com.Obsqura.rmartSupermarket.testscript.ManageDeliveryBoyTest</div> <!-- chronological-class-name -->
              <div class="configuration-method before">
                <span class="method-name">initializeBrowser(edge)</span>
                <span class="method-start">0 ms</span>
              </div> <!-- configuration-method before -->
              <div class="test-method">
                <span class="method-name">verifyToAddDeliveryBoyInManageDeliveryBoyList</span>
                <span class="method-start">22704 ms</span>
              </div> <!-- test-method -->
              <div class="configuration-method after">
                <span class="method-name">browserQuit([TestResult name=verifyToAddDeliveryBoyInManageDeliveryBoyList status=SKIP method=ManageDeliveryBoyT...)</span>
                <span class="method-start">29047 ms</span>
              </div> <!-- configuration-method after -->
              <div class="configuration-method before">
                <span class="method-name">initializeBrowser(edge)</span>
                <span class="method-start">29429 ms</span>
              </div> <!-- configuration-method before -->
              <div class="test-method">
                <span class="method-name">verifyToAddDeliveryBoyInManageDeliveryBoyList</span>
                <span class="method-start">33881 ms</span>
              </div> <!-- test-method -->
              <div class="configuration-method after">
                <span class="method-name">browserQuit([TestResult name=verifyToAddDeliveryBoyInManageDeliveryBoyList status=SKIP method=ManageDeliveryBoyT...)</span>
                <span class="method-start">38868 ms</span>
              </div> <!-- configuration-method after -->
              <div class="configuration-method before">
                <span class="method-name">initializeBrowser(edge)</span>
                <span class="method-start">39233 ms</span>
              </div> <!-- configuration-method before -->
              <div class="test-method">
                <img src="failed.png">
                </img>
                <span class="method-name">verifyToAddDeliveryBoyInManageDeliveryBoyList</span>
                <span class="method-start">43597 ms</span>
              </div> <!-- test-method -->
              <div class="configuration-method after">
                <span class="method-name">browserQuit([TestResult name=verifyToAddDeliveryBoyInManageDeliveryBoyList status=FAILURE method=ManageDeliveryB...)</span>
                <span class="method-start">48273 ms</span>
              </div> <!-- configuration-method after -->
              <div class="configuration-method before">
                <span class="method-name">initializeBrowser(chrome)</span>
                <span class="method-start">49346 ms</span>
              </div> <!-- configuration-method before -->
              <div class="test-method">
                <span class="method-name">verifyToAddDeliveryBoyInManageDeliveryBoyList</span>
                <span class="method-start">54681 ms</span>
              </div> <!-- test-method -->
              <div class="configuration-method after">
                <span class="method-name">browserQuit([TestResult name=verifyToAddDeliveryBoyInManageDeliveryBoyList status=SKIP method=ManageDeliveryBoyT...)</span>
                <span class="method-start">59028 ms</span>
              </div> <!-- configuration-method after -->
              <div class="configuration-method before">
                <span class="method-name">initializeBrowser(chrome)</span>
                <span class="method-start">59387 ms</span>
              </div> <!-- configuration-method before -->
              <div class="test-method">
                <span class="method-name">verifyToAddDeliveryBoyInManageDeliveryBoyList</span>
                <span class="method-start">64287 ms</span>
              </div> <!-- test-method -->
              <div class="configuration-method after">
                <span class="method-name">browserQuit([TestResult name=verifyToAddDeliveryBoyInManageDeliveryBoyList status=SKIP method=ManageDeliveryBoyT...)</span>
                <span class="method-start">68585 ms</span>
              </div> <!-- configuration-method after -->
              <div class="configuration-method before">
                <span class="method-name">initializeBrowser(chrome)</span>
                <span class="method-start">68921 ms</span>
              </div> <!-- configuration-method before -->
              <div class="test-method">
                <img src="failed.png">
                </img>
                <span class="method-name">verifyToAddDeliveryBoyInManageDeliveryBoyList</span>
                <span class="method-start">73730 ms</span>
              </div> <!-- test-method -->
              <div class="configuration-method after">
                <span class="method-name">browserQuit([TestResult name=verifyToAddDeliveryBoyInManageDeliveryBoyList status=FAILURE method=ManageDeliveryB...)</span>
                <span class="method-start">77951 ms</span>
              </div> <!-- configuration-method after -->
          </div> <!-- main-panel-content rounded-window-bottom -->
        </div> <!-- panel -->
      </div> <!-- main-panel-root -->
    </div> <!-- wrapper -->
  </body>
<script type="text/javascript" src="testng-reports2.js"></script>
</html>
